<?xml version="1.0" encoding="UTF-8"?>
<!-- Generated by org.testng.reporters.JUnitReportReporter -->
<testsuite hostname="DESKTOP-FTHOGM6" failures="0" tests="3" name="testcase.GoalTrackingTest" time="34.625" errors="0" timestamp="2024-01-09T21:41:50 IST" skipped="0">
  <testcase classname="testcase.GoalTrackingTest" name="ValidatingGoalTrackingNotAddedByNotPassingAnyTestData" time="11.304"/>
  <system-out/>
  <testcase classname="testcase.GoalTrackingTest" name="ValidatingGoalTrackingAddedByPassingAllTheTestData" time="13.050"/>
  <system-out/>
  <testcase classname="testcase.GoalTrackingTest" name="ValidatingGoalTrackingNotAddedByNotPassingOnlyOneTestData" time="10.271"/>
  <system-out/>
</testsuite> <!-- testcase.GoalTrackingTest -->
