<?xml version="1.0" encoding="UTF-8"?>
<!-- Generated by org.testng.reporters.JUnitReportReporter -->
<testsuite hostname="DESKTOP-FTHOGM6" failures="0" tests="1" name="testcase.FileManagerTest" time="30.178" errors="0" timestamp="2023-12-27T22:58:01 IST" skipped="0">
  <testcase classname="testcase.FileManagerTest" name="ValidatingDataSavedByUploadingFile" time="30.178"/>
  <system-out/>
</testsuite> <!-- testcase.FileManagerTest -->
