<?xml version="1.0" encoding="UTF-8"?>
<!-- Generated by org.testng.reporters.JUnitReportReporter -->
<testsuite hostname="DESKTOP-FTHOGM6" failures="0" tests="4" name="testcase.LoginTests" time="18.632" errors="0" timestamp="2023-12-27T22:58:01 IST" skipped="0">
  <testcase classname="testcase.LoginTests" name="Valid_LoginTest" time="7.782"/>
  <system-out/>
  <testcase classname="testcase.LoginTests" name="Invalid_Username_Test" time="3.897"/>
  <system-out/>
  <testcase classname="testcase.LoginTests" name="Invalid_Password_Test" time="3.471"/>
  <system-out/>
  <testcase classname="testcase.LoginTests" name="Invalid_LoginTest" time="3.482"/>
  <system-out/>
</testsuite> <!-- testcase.LoginTests -->
