<?xml version="1.0" encoding="UTF-8"?>
<!-- Generated by org.testng.reporters.JUnitReportReporter -->
<testsuite hostname="DESKTOP-FTHOGM6" failures="0" tests="4" name="testcase.EmployeeTest" time="91.908" errors="0" timestamp="2023-12-27T13:12:16 IST" skipped="0">
  <testcase classname="testcase.EmployeeTest" name="verifyEmployeeDetailsByPassingFirstTwoDatas" time="11.047"/>
  <system-out/>
  <testcase classname="testcase.EmployeeTest" name="verifyEmployeeDetailsByPAssingOnlyTheFirstName" time="11.388"/>
  <system-out/>
  <testcase classname="testcase.EmployeeTest" name="verifyEmployeeDetailsWithoutPassingAnyData" time="11.349"/>
  <system-out/>
  <testcase classname="testcase.EmployeeTest" name="veriftEmployeeDetailsByPassingAllTheDatas" time="58.124"/>
  <system-out/>
</testsuite> <!-- testcase.EmployeeTest -->
