<?xml version="1.0" encoding="UTF-8"?>
<!-- Generated by org.testng.reporters.JUnitReportReporter -->
<testsuite hostname="DESKTOP-FTHOGM6" failures="0" tests="1" name="testcase.SignoutTest" time="7.094" errors="0" timestamp="2023-12-27T19:39:49 IST" skipped="0">
  <testcase classname="testcase.SignoutTest" name="Signout" time="7.094"/>
  <system-out/>
</testsuite> <!-- testcase.SignoutTest -->
