<?xml version="1.0" encoding="UTF-8"?>
<!-- Generated by org.testng.reporters.JUnitReportReporter -->
<testsuite hostname="DESKTOP-FTHOGM6" failures="0" tests="4" name="testcase.EmployeeTest" time="34.162" errors="0" timestamp="2023-12-27T19:39:49 IST" skipped="0">
  <testcase classname="testcase.EmployeeTest" name="verifyEmployeeDetailsByPassingFirstTwoDatas" time="7.555"/>
  <system-out/>
  <testcase classname="testcase.EmployeeTest" name="verifyEmployeeDetailsByPAssingOnlyTheFirstName" time="7.336"/>
  <system-out/>
  <testcase classname="testcase.EmployeeTest" name="verifyEmployeeDetailsWithoutPassingAnyData" time="9.817"/>
  <system-out/>
  <testcase classname="testcase.EmployeeTest" name="veriftEmployeeDetailsByPassingAllTheDatas" time="9.454"/>
  <system-out/>
</testsuite> <!-- testcase.EmployeeTest -->
