<?xml version="1.0" encoding="UTF-8"?>
<!-- Generated by org.testng.reporters.JUnitReportReporter -->
<testsuite hostname="DESKTOP-FTHOGM6" failures="0" tests="4" name="testcase.LoginTests" time="15.720" errors="0" timestamp="2023-12-27T19:39:49 IST" skipped="0">
  <testcase classname="testcase.LoginTests" name="Valid_LoginTest" time="8.015"/>
  <system-out/>
  <testcase classname="testcase.LoginTests" name="Invalid_Username_Test" time="2.665"/>
  <system-out/>
  <testcase classname="testcase.LoginTests" name="Invalid_Password_Test" time="2.524"/>
  <system-out/>
  <testcase classname="testcase.LoginTests" name="Invalid_LoginTest" time="2.516"/>
  <system-out/>
</testsuite> <!-- testcase.LoginTests -->
