<?xml version="1.0" encoding="UTF-8"?>
<!-- Generated by org.testng.reporters.JUnitReportReporter -->
<testsuite hostname="DESKTOP-FTHOGM6" failures="0" tests="4" name="testcase.TicketsTest" time="40.643" errors="0" timestamp="2024-01-09T21:41:50 IST" skipped="2">
  <testcase classname="testcase.TicketsTest" name="ValidatingTicketsIssuedToStaffIsSaved" time="8.795">
    <skipped/>
  </testcase> <!-- ValidatingTicketsIssuedToStaffIsSaved -->
  <system-out/>
  <testcase classname="testcase.TicketsTest" name="ValidatingTicketsIssuedToStaffIsSaved" time="12.588"/>
  <system-out/>
  <testcase classname="testcase.TicketsTest" name="ValidatingTicketsIssuedToStaffIsSaved" time="9.407">
    <skipped/>
  </testcase> <!-- ValidatingTicketsIssuedToStaffIsSaved -->
  <system-out/>
  <testcase classname="testcase.TicketsTest" name="ValidatingTicketsTestNotSavedWithoutPassingAnyData" time="9.853"/>
  <system-out/>
</testsuite> <!-- testcase.TicketsTest -->
