<?xml version="1.0" encoding="UTF-8"?>
<!-- Generated by org.testng.reporters.JUnitReportReporter -->
<testsuite hostname="DESKTOP-FTHOGM6" failures="0" tests="3" name="testcase.OrganisationTests" time="31.710" errors="0" timestamp="2023-12-27T22:58:01 IST" skipped="0">
  <testcase classname="testcase.OrganisationTests" name="ValidatingOrganisationTestNotSavedWithoutPassingAnuData" time="10.246"/>
  <system-out/>
  <testcase classname="testcase.OrganisationTests" name="ValidatingOrganisationTestNotSavedByPassingOnlyNameData" time="10.622"/>
  <system-out/>
  <testcase classname="testcase.OrganisationTests" name="ValidatingOrganisationTestSavedByPassingAllTheDatas" time="10.842"/>
  <system-out/>
</testsuite> <!-- testcase.OrganisationTests -->
