<?xml version="1.0" encoding="UTF-8"?>
<!-- Generated by org.testng.reporters.JUnitReportReporter -->
<testsuite hostname="DESKTOP-FTHOGM6" failures="0" tests="3" name="testcase.OrganisationTests" time="32.364" errors="0" timestamp="2024-01-09T21:41:50 IST" skipped="0">
  <testcase classname="testcase.OrganisationTests" name="ValidatingOrganisationTestNotSavedWithoutPassingAnuData" time="9.992"/>
  <system-out/>
  <testcase classname="testcase.OrganisationTests" name="ValidatingOrganisationTestNotSavedByPassingOnlyNameData" time="11.724"/>
  <system-out/>
  <testcase classname="testcase.OrganisationTests" name="ValidatingOrganisationTestSavedByPassingAllTheDatas" time="10.648"/>
  <system-out/>
</testsuite> <!-- testcase.OrganisationTests -->
