<?xml version="1.0" encoding="UTF-8"?>
<!-- Generated by org.testng.reporters.JUnitReportReporter -->
<testsuite hostname="DESKTOP-FTHOGM6" failures="0" tests="1" name="testcase.FileManagerTest" time="31.333" errors="0" timestamp="2024-01-09T21:41:50 IST" skipped="0">
  <testcase classname="testcase.FileManagerTest" name="ValidatingDataSavedByUploadingFile" time="31.333"/>
  <system-out/>
</testsuite> <!-- testcase.FileManagerTest -->
