<?xml version="1.0" encoding="UTF-8"?>
<!-- Generated by org.testng.reporters.JUnitReportReporter -->
<testsuite hostname="DESKTOP-FTHOGM6" failures="0" tests="2" name="testcase.TrainingTest" time="17.485" errors="0" timestamp="2024-01-09T21:41:50 IST" skipped="0">
  <testcase classname="testcase.TrainingTest" name="ValidatingTheTrainingTypeNotSavedWithoutPassingAnyDataInTheFeilds" time="7.978"/>
  <system-out/>
  <testcase classname="testcase.TrainingTest" name="ValidatingTrainingTestSavedDtailsByPassingAllTheDatas" time="9.507"/>
  <system-out/>
</testsuite> <!-- testcase.TrainingTest -->
