<?xml version="1.0" encoding="UTF-8"?>
<!-- Generated by org.testng.reporters.JUnitReportReporter -->
<testsuite hostname="DESKTOP-FTHOGM6" failures="0" tests="1" name="testcase.EmployeeDataTest" time="9.015" errors="0" timestamp="2023-12-27T22:50:46 IST" skipped="0">
  <testcase classname="testcase.EmployeeDataTest" name="EmployeeDetails" time="9.015"/>
  <system-out/>
</testsuite> <!-- testcase.EmployeeDataTest -->
