<?xml version="1.0" encoding="UTF-8"?>
<!-- Generated by org.testng.reporters.JUnitReportReporter -->
<testsuite hostname="DESKTOP-FTHOGM6" failures="0" tests="1" name="testcase.EmployeeDataTest" time="12.354" errors="0" timestamp="2023-12-27T19:39:49 IST" skipped="0">
  <testcase classname="testcase.EmployeeDataTest" name="EmployeeDetails" time="12.354"/>
  <system-out/>
</testsuite> <!-- testcase.EmployeeDataTest -->
