<?xml version="1.0" encoding="UTF-8"?>
<!-- Generated by org.testng.reporters.JUnitReportReporter -->
<testsuite hostname="DESKTOP-FTHOGM6" failures="0" tests="1" name="testcase.AttendanceTest" time="10.014" errors="0" timestamp="2023-12-27T22:58:01 IST" skipped="0">
  <testcase classname="testcase.AttendanceTest" name="ValidateAttendanceCheckedBasedOnDate" time="10.014"/>
  <system-out/>
</testsuite> <!-- testcase.AttendanceTest -->
