<?xml version="1.0" encoding="UTF-8"?>
<!-- Generated by org.testng.reporters.JUnitReportReporter -->
<testsuite hostname="DESKTOP-FTHOGM6" failures="0" tests="2" name="testcase.TrainingTest" time="15.189" errors="0" timestamp="2023-12-27T22:50:46 IST" skipped="0">
  <testcase classname="testcase.TrainingTest" name="ValidatingTheTrainingTypeNotSavedWithoutPassingAnyDataInTheFeilds" time="6.276"/>
  <system-out/>
  <testcase classname="testcase.TrainingTest" name="ValidatingTrainingTestSavedDtailsByPassingAllTheDatas" time="8.913"/>
  <system-out/>
</testsuite> <!-- testcase.TrainingTest -->
