<?xml version="1.0" encoding="UTF-8"?>
<!-- Generated by org.testng.reporters.JUnitReportReporter -->
<testsuite hostname="DESKTOP-FTHOGM6" failures="0" tests="4" name="testcase.EmployeeTest" time="39.757" errors="0" timestamp="2023-12-27T22:58:01 IST" skipped="0">
  <testcase classname="testcase.EmployeeTest" name="ValidatingEmployeeDetailsNotSavedByPassingFirstTwoDatas" time="9.098"/>
  <system-out/>
  <testcase classname="testcase.EmployeeTest" name="ValidatingEmployeeDetailsNotSavedByPassingOnlyTheFirstName" time="9.912"/>
  <system-out/>
  <testcase classname="testcase.EmployeeTest" name="ValidatingEmployeeDetailsNotSavedWithoutPassingAnyData" time="9.766"/>
  <system-out/>
  <testcase classname="testcase.EmployeeTest" name="ValidatingEmployeeDetailsSavedByPassingAllTheDatas" time="10.981"/>
  <system-out/>
</testsuite> <!-- testcase.EmployeeTest -->
