<?xml version="1.0" encoding="UTF-8"?>
<!-- Generated by org.testng.reporters.JUnitReportReporter -->
<testsuite hostname="DESKTOP-FTHOGM6" failures="0" tests="1" name="testcase.StaffTest" time="15.197" errors="0" timestamp="2023-12-27T19:39:49 IST" skipped="0">
  <testcase classname="testcase.StaffTest" name="savingRolesAndPrivilagesOfStaff" time="15.197"/>
  <system-out/>
</testsuite> <!-- testcase.StaffTest -->
