<?xml version="1.0" encoding="UTF-8"?>
<!-- Generated by org.testng.reporters.JUnitReportReporter -->
<testsuite hostname="DESKTOP-FTHOGM6" failures="0" tests="1" name="testcase.SignoutTest" time="6.745" errors="0" timestamp="2023-12-27T22:50:46 IST" skipped="0">
  <testcase classname="testcase.SignoutTest" name="Signout" time="6.745"/>
  <system-out/>
</testsuite> <!-- testcase.SignoutTest -->
