<?xml version="1.0" encoding="UTF-8"?>
<!-- Generated by org.testng.reporters.JUnitReportReporter -->
<testsuite hostname="DESKTOP-FTHOGM6" failures="0" tests="2" name="testcase.TicketsTest" time="19.113" errors="0" timestamp="2023-12-27T19:39:49 IST" skipped="0">
  <testcase classname="testcase.TicketsTest" name="issuingTicketsToStaff" time="10.079"/>
  <system-out/>
  <testcase classname="testcase.TicketsTest" name="tickets_test" time="9.034"/>
  <system-out/>
</testsuite> <!-- testcase.TicketsTest -->
