<?xml version="1.0" encoding="UTF-8"?>
<!-- Generated by org.testng.reporters.JUnitReportReporter -->
<testsuite hostname="DESKTOP-FTHOGM6" failures="0" tests="4" name="testcase.EmployeeTest" time="43.439" errors="0" timestamp="2024-01-09T21:41:50 IST" skipped="0">
  <testcase classname="testcase.EmployeeTest" name="ValidatingEmployeeDetailsNotSavedByPassingFirstTwoDatas" time="10.676"/>
  <system-out/>
  <testcase classname="testcase.EmployeeTest" name="ValidatingEmployeeDetailsNotSavedByPassingOnlyTheFirstName" time="9.544"/>
  <system-out/>
  <testcase classname="testcase.EmployeeTest" name="ValidatingEmployeeDetailsNotSavedWithoutPassingAnyData" time="10.458"/>
  <system-out/>
  <testcase classname="testcase.EmployeeTest" name="ValidatingEmployeeDetailsSavedByPassingAllTheDatas" time="12.761"/>
  <system-out/>
</testsuite> <!-- testcase.EmployeeTest -->
