<?xml version="1.0" encoding="UTF-8"?>
<!-- Generated by org.testng.reporters.JUnitReportReporter -->
<testsuite hostname="DESKTOP-FTHOGM6" failures="0" tests="4" name="testcase.LoginTests" time="20.378" errors="0" timestamp="2024-01-09T21:41:50 IST" skipped="0">
  <testcase classname="testcase.LoginTests" name="Valid_LoginTest" time="8.468"/>
  <system-out/>
  <testcase classname="testcase.LoginTests" name="Invalid_Username_Test" time="3.889"/>
  <system-out/>
  <testcase classname="testcase.LoginTests" name="Invalid_Password_Test" time="4.650"/>
  <system-out/>
  <testcase classname="testcase.LoginTests" name="Invalid_LoginTest" time="3.371"/>
  <system-out/>
</testsuite> <!-- testcase.LoginTests -->
