<?xml version="1.0" encoding="UTF-8"?>
<!-- Generated by org.testng.reporters.JUnitReportReporter -->
<testsuite hostname="DESKTOP-FTHOGM6" failures="0" tests="3" name="testcase.OrganisationTests" time="31.362" errors="0" timestamp="2023-12-27T19:39:49 IST" skipped="0">
  <testcase classname="testcase.OrganisationTests" name="savingOrganisationTestWithoutPassingAnuData" time="9.445"/>
  <system-out/>
  <testcase classname="testcase.OrganisationTests" name="savingOrganisationTestByPassingOnlyNameData" time="10.603"/>
  <system-out/>
  <testcase classname="testcase.OrganisationTests" name="savingOrganisationTestByPassingAllTheDatas" time="11.314"/>
  <system-out/>
</testsuite> <!-- testcase.OrganisationTests -->
